warning
user jcano emojified work already
user jcano emojified hello logger! :discoparrot:
user jcano emojified hello logger :discoparrot:
2019-06-16 22:47:31,636 - slack - DEBUG - user jcano emojified test log :slowparrot:
2019-06-18 14:55:03,353 - slack - DEBUG - user jcano emojified lets go :cuphead:
2019-06-20 14:46:06,482 - slack - DEBUG - user jcano emojified o clock :coffeeparrot:
2019-06-20 14:47:30,299 - slack - DEBUG - user jstevenson emojified HELL YES
2019-06-21 08:48:06,674 - slack - DEBUG - user oramirez emojified qq? :coffee:
2019-06-21 08:49:31,475 - slack - DEBUG - user diego emojified test
2019-06-21 08:49:51,540 - slack - DEBUG - user diego emojified :smile:
2019-06-21 08:50:06,906 - slack - DEBUG - user diego emojified test :smile:
2019-06-21 08:50:59,570 - slack - DEBUG - user diego emojified hola :heart:
2019-06-24 15:29:14,020 - slack - DEBUG - user jcano emojified flag es :flag-es:
2019-06-25 10:19:43,935 - slack - DEBUG - user jcano emojified tada :tada:
2019-06-28 17:19:05,404 - slack - DEBUG - user dvarotto emojified test
2019-06-28 17:19:48,742 - slack - DEBUG - user dvarotto emojified hand :hand::skin-tone-3: :fist::skin-tone-3:
2019-07-03 14:21:28,366 - slack - DEBUG - user jcano emojified coffee :cuphead:
2019-07-03 14:21:36,780 - slack - DEBUG - user jcano emojified farewell :sadparrot:
2019-07-04 08:26:33,484 - slack - DEBUG - user jcano emojified mucho :puff:
2019-07-05 15:50:58,762 - slack - DEBUG - user jcano emojified epilepsia :discoparrot:
